<?xml version="1.0" encoding="UTF-8"?>
<!-- Generated by org.testng.reporters.JUnitReportReporter -->
<testsuite hostname="TGS-DPC-2374" name="test.LoginTest$LoginTestPage" tests="2" failures="0" timestamp="30 Jul 2019 09:37:34 GMT" time="18.995" errors="0">
  <testcase name="loginPageTitleTest" time="9.327" classname="test.LoginTest$LoginTestPage"/>
  <testcase name="loginToCyclo" time="9.668" classname="test.LoginTest$LoginTestPage"/>
</testsuite> <!-- test.LoginTest$LoginTestPage -->
